# JRE version: Java(TM) SE Runtime Environment 18.9 (11.0.13+10) (build 11.0.13+10-LTS-370)
# Java VM: Java HotSpot(TM) 64-Bit Server VM 18.9 (11.0.13+10-LTS-370, mixed mode, tiered, compressed oops, g1 gc, windows-amd64)
Heap:
 garbage-first heap   total 187392K, used 106209K [0x0000000083800000, 0x0000000100000000)
  region size 1024K, 79 young (80896K), 6 survivors (6144K)
 Metaspace       used 74299K, capacity 76357K, committed 76544K, reserved 1116160K
  class space    used 8828K, capacity 9622K, committed 9728K, reserved 1048576K
GC Heap History (10 events):
Event: 36.125 GC heap before
{Heap before GC invocations=15 (full 0):
 garbage-first heap   total 187392K, used 134968K [0x0000000083800000, 0x0000000100000000)
  region size 1024K, 109 young (111616K), 9 survivors (9216K)
 Metaspace       used 74081K, capacity 76161K, committed 76288K, reserved 1116160K
  class space    used 8824K, capacity 9622K, committed 9728K, reserved 1048576K
}
Event: 36.135 GC heap after
{Heap after GC invocations=16 (full 0):
 garbage-first heap   total 187392K, used 32481K [0x0000000083800000, 0x0000000100000000)
  region size 1024K, 6 young (6144K), 6 survivors (6144K)
 Metaspace       used 74081K, capacity 76161K, committed 76288K, reserved 1116160K
  class space    used 8824K, capacity 9622K, committed 9728K, reserved 1048576K
}
Event: 38.892 GC heap before
{Heap before GC invocations=16 (full 0):
 garbage-first heap   total 187392K, used 137953K [0x0000000083800000, 0x0000000100000000)
  region size 1024K, 109 young (111616K), 6 survivors (6144K)
 Metaspace       used 74251K, capacity 76292K, committed 76544K, reserved 1116160K
  class space    used 8826K, capacity 9622K, committed 9728K, reserved 1048576K
}
Event: 38.898 GC heap after
{Heap after GC invocations=17 (full 0):
 garbage-first heap   total 187392K, used 32481K [0x0000000083800000, 0x0000000100000000)
  region size 1024K, 6 young (6144K), 6 survivors (6144K)
 Metaspace       used 74251K, capacity 76292K, committed 76544K, reserved 1116160K
  class space    used 8826K, capacity 9622K, committed 9728K, reserved 1048576K
}
Event: 41.465 GC heap before
{Heap before GC invocations=17 (full 0):
 garbage-first heap   total 187392K, used 137953K [0x0000000083800000, 0x0000000100000000)
  region size 1024K, 109 young (111616K), 6 survivors (6144K)
 Metaspace       used 74262K, capacity 76292K, committed 76544K, reserved 1116160K
  class space    used 8827K, capacity 9622K, committed 9728K, reserved 1048576K
}
Event: 41.472 GC heap after
{Heap after GC invocations=18 (full 0):
 garbage-first heap   total 187392K, used 32434K [0x0000000083800000, 0x0000000100000000)
  region size 1024K, 6 young (6144K), 6 survivors (6144K)
 Metaspace       used 74262K, capacity 76292K, committed 76544K, reserved 1116160K
  class space    used 8827K, capacity 9622K, committed 9728K, reserved 1048576K
}
Event: 44.633 GC heap before
{Heap before GC invocations=18 (full 0):
 garbage-first heap   total 187392K, used 137906K [0x0000000083800000, 0x0000000100000000)
  region size 1024K, 109 young (111616K), 6 survivors (6144K)
 Metaspace       used 74295K, capacity 76293K, committed 76544K, reserved 1116160K
  class space    used 8828K, capacity 9622K, committed 9728K, reserved 1048576K
}
Event: 44.642 GC heap after
{Heap after GC invocations=19 (full 0):
 garbage-first heap   total 187392K, used 32276K [0x0000000083800000, 0x0000000100000000)
  region size 1024K, 6 young (6144K), 6 survivors (6144K)
 Metaspace       used 74295K, capacity 76293K, committed 76544K, reserved 1116160K
  class space    used 8828K, capacity 9622K, committed 9728K, reserved 1048576K
}
Event: 46.973 GC heap before
{Heap before GC invocations=19 (full 0):
 garbage-first heap   total 187392K, used 137748K [0x0000000083800000, 0x0000000100000000)
  region size 1024K, 109 young (111616K), 6 survivors (6144K)
 Metaspace       used 74295K, capacity 76293K, committed 76544K, reserved 1116160K
  class space    used 8828K, capacity 9622K, committed 9728K, reserved 1048576K
}
Event: 46.980 GC heap after
{Heap after GC invocations=20 (full 0):
 garbage-first heap   total 187392K, used 32481K [0x0000000083800000, 0x0000000100000000)
  region size 1024K, 6 young (6144K), 6 survivors (6144K)
 Metaspace       used 74295K, capacity 76293K, committed 76544K, reserved 1116160K
  class space    used 8828K, capacity 9622K, committed 9728K, reserved 1048576K
}

